TN:
SF:01-ratelimitter.js
FNF:0
FNH:0
DA:1,1
DA:2,1
DA:3,1
DA:4,1
DA:5,1
DA:6,1
DA:7,1
DA:8,1
DA:9,1
DA:10,1
DA:11,1
DA:12,1
DA:13,1
DA:14,1
DA:15,1
DA:16,1
DA:17,2
DA:18,1
DA:19,1
DA:20,1
DA:21,13
DA:22,13
DA:23,13
DA:24,13
DA:25,13
DA:26,0
DA:27,0
DA:28,13
DA:29,13
DA:30,13
DA:31,2
DA:32,13
DA:33,11
DA:34,11
DA:35,13
DA:36,13
DA:37,13
DA:38,13
DA:39,13
DA:40,1
DA:41,1
DA:42,1
DA:43,13
DA:44,1
DA:45,1
DA:46,1
DA:47,0
DA:48,1
DA:49,1
DA:50,1
LF:50
LH:47
BRDA:16,0,0,2
BRDA:20,1,0,13
BRDA:25,2,0,0
BRDA:30,3,0,2
BRDA:32,4,0,11
BRDA:37,5,0,7
BRDA:42,6,0,13
BRF:7
BRH:6
end_of_record
